0.028780454769730568

Original:          Reconstructed:
r . b . k b . r    r . b [31mq[0m k b . r
p p p . . p p p    p p p . . p p p
. . . . . n . .    . . . . . n . .
. . . P p . . .    . . . [31m.[0m [31m.[0m . . .
. . . . P . . .    . . . . [31m.[0m . . .
. . N . . . . .    . . [31m.[0m . . [31mN[0m . .
P P . . . P P P    P P [31mP[0m . . P P P
k . . . K B N R    k [31mN[0m [31mB[0m . K [31m.[0m [31m.[0m R

0.034571435302495956

Original:          Reconstructed:
. . . . . . . .    . . . . . . . .
p . . . . p k p    [31m.[0m . . . . [31m.[0m [31m.[0m [31m.[0m
. . . . . . p .    . . . . . . [31m.[0m .
. . . . . . . .    . . . . . . . .
. . . . . . . .    . . . . . . . .
. . . . . P . .    . . . . . [31m.[0m . .
. . . K . . P P    . . . [31m.[0m . . [31m.[0m [31m.[0m
k . . . . . . .    [31m.[0m . . . . . . .

0.035371989011764526

Original:          Reconstructed:
r . . q k b . r    r . . q k [31m.[0m . r
p p . . . p p p    p p . . . p p p
. . n . p n . .    . . [31m.[0m . p n . .
. . . p . . . .    . . . [31m.[0m . . . .
. . . P . . . .    . . . [31m.[0m . . . .
. . P B . . . .    . . [31m.[0m [31m.[0m . . . .
P P . . Q P P P    P P [31mP[0m . [31m.[0m P P P
k N B . . R K .    k [31m.[0m B . . R K .

0.03849762678146362

Original:          Reconstructed:
r . b . k b . r    r . b [31mq[0m k b . r
p p p p . p p p    p p p [31m.[0m . p p p
. . n . . n . .    . . [31m.[0m . . n . .
. . . . . . . .    . . . . . . . .
. . . . P . . .    . . . . [31m.[0m . . .
. . N . . N . .    . . [31m.[0m . . N . .
P P P . . P P P    P P P . . P P P
k . B . K B . R    k [31mN[0m B . K B . R

0.03872012346982956

Original:          Reconstructed:
r . . . k b . r    r . . [31mq[0m k b . r
p . . n . p p p    p [31mp[0m . [31m.[0m . p p p
. . . . . n . .    . . . . . [31m.[0m . .
. . . P p . . .    . . . [31m.[0m [31m.[0m . . .
. . P . . . . .    . . [31m.[0m . . . . .
. . . . . . . .    . . . . . . . .
P P . Q . P P P    P P . [31m.[0m . P P P
k . . . K . N R    k . [31mB[0m . K . [31m.[0m R

0.03873017057776451

Original:          Reconstructed:
r . b . k b . r    r . [31m.[0m [31mq[0m k b . r
p . p . . p p .    p [31mp[0m p . . p p [31mp[0m
. . p . . n . p    . . [31m.[0m . . [31m.[0m . p
. . . . N . . .    . . . . [31m.[0m . . .
. . . . . . . .    . . . . . . . .
. . . . . . . .    . . . . . . . .
P P P . . P P P    P P P . . P P P
k N B . . R K .    k [31m.[0m B . [31mK[0m R K .

0.03916866332292557

Original:          Reconstructed:
r . b q . r k .    r . [31m.[0m q . r k .
. p . . . p p p    [31mp[0m p . . . p p p
p . . . p n . .    [31m.[0m . . . p [31m.[0m . .
. . . . . . . .    . . . . . . . .
. . B N . . . .    . . [31m.[0m [31m.[0m . . . .
. . P . . . . .    . . [31m.[0m . . . . .
P P . . Q P P P    P P . . [31m.[0m P P P
k . . . . R K .    k . . . . R K .

0.03990223631262779

Original:          Reconstructed:
r . b q . r k .    r . [31m.[0m q . r k .
p p . . . p p p    p p . . . p p p
. . . b . . . .    . . . [31m.[0m [31mp[0m . . .
. . . p N . . .    . . . [31m.[0m [31m.[0m . . .
. . . . . . . .    . . . . . . . .
. . . . . . . .    . . . . . . . .
P P P P Q P P P    P P [31m.[0m [31m.[0m [31m.[0m P P P
k . B . . R K .    k . [31m.[0m . . R K .

0.03995686024427414

Original:          Reconstructed:
r . b q k b . r    r . b q k b . r
p p p . . p p p    p p p . . p p p
. . n p . n . .    . . [31m.[0m [31m.[0m . n . .
. . . . . . . .    . . . . . . . .
. . . P P . . .    . . . [31m.[0m [31m.[0m . . .
. . . . . N . .    . . . . . N . .
P P . . Q P P P    P P [31mP[0m . [31m.[0m P P P
k N B . K B . R    k N B . K B . R

0.0427507646381855

Original:          Reconstructed:
r . b . . r k .    r . [31m.[0m [31mq[0m . r k .
p p . q n p p p    p p . [31m.[0m [31m.[0m p p p
. . p . p . . .    . . [31m.[0m . p . . .
. . . . P . . .    . . . . [31m.[0m . . .
. . . . . . . .    . . . . . . . .
. . . B B . . .    . . . [31m.[0m [31m.[0m . . .
P P P . Q P P P    P P [31m.[0m . [31m.[0m P P P
k . . . . R K .    k . . . . R K .

0.23820608854293823
Original:          Reconstructed:
r n b . k . n r    r [31m.[0m [31m.[0m . k . [31m.[0m r
p p . . . p . .    p p . . . p . [31mp[0m
. b . p . q . .    . [31m.[0m . [31m.[0m . [31m.[0m . .
. . p . p . . .    . . [31m.[0m . [31m.[0m . . .
. P B . P . . p    . [31m.[0m [31m.[0m . [31m.[0m . . [31m.[0m
P . P P . P p .    [31m.[0m . [31m.[0m [31m.[0m . [31m.[0m [31m.[0m .
. . . . . . P P    [31mP[0m [31mP[0m . . . [31mP[0m P P
k N B Q N R . K    k [31m.[0m [31m.[0m [31m.[0m [31m.[0m [31m.[0m . [31m.[0m

0.20873525738716125
Original:          Reconstructed:
r n . k . . . r    r [31m.[0m . [31m.[0m . . . r
p . . p . . q .    [31m.[0m . . [31m.[0m . [31mp[0m [31m.[0m .
. p b Q . . n .    . [31m.[0m [31m.[0m [31m.[0m . . [31m.[0m .
. . . . p . N .    . . . . [31m.[0m . [31m.[0m .
. . . . P . B .    . . . . [31m.[0m . [31m.[0m .
. . P . . . . P    . . [31m.[0m . . . . [31m.[0m
P P . . . P P .    P P . . . [31m.[0m P [31mP[0m
k . . . . R K .    [31mr[0m . . . . [31m.[0m K .

0.2080668807029724
Original:          Reconstructed:
r n b . k b n r    r [31m.[0m b [31mq[0m k b [31m.[0m r
p . . . . p p p    p [31mp[0m . . . p p p
. . p . p . . .    . . [31m.[0m . p . . .
q . . . . . . .    [31m.[0m . . . . . . .
P p B P P . . .    [31m.[0m [31m.[0m [31m.[0m [31m.[0m [31m.[0m . . .
. . . . . . . .    . . . . . . . .
N P . B . P P P    [31mP[0m P . [31m.[0m . P P P
k . . Q K . N R    k . [31mB[0m [31m.[0m K . [31m.[0m R

0.20684553682804108
Original:          Reconstructed:
. . k . r . . .    . . [31m.[0m . [31m.[0m . . .
. . p q . . . .    . . [31m.[0m [31m.[0m . . . .
. p . p . . . .    . [31m.[0m . [31m.[0m . . . .
p P . . P p . .    [31m.[0m [31m.[0m . . [31m.[0m [31m.[0m . .
. . P B . P . .    . . [31m.[0m [31m.[0m . [31m.[0m . .
P . K P Q . . b    [31m.[0m . [31m.[0m [31m.[0m [31m.[0m . . [31m.[0m
B . . . . . r .    [31m.[0m . . . . . [31m.[0m .
k . . . . . . .    [31m.[0m . . . . . . .

0.20392104983329773
Original:          Reconstructed:
r n . . k . . r    r [31m.[0m . . k [31mb[0m . r
. . p b . p p p    [31mp[0m [31mp[0m [31m.[0m [31m.[0m . p p p
. p . . p . . .    . [31m.[0m . . [31m.[0m . . .
. N . p . . . .    . [31m.[0m . [31m.[0m . . . .
p . . P n P . q    [31m.[0m . . [31m.[0m [31m.[0m [31m.[0m . [31m.[0m
. . . Q . . . N    . . . [31m.[0m . . . [31m.[0m
P P P . P P . P    P P [31m.[0m . [31m.[0m P [31mP[0m P
k . . . K B . R    k . . . K [31m.[0m . [31m.[0m

0.19867108762264252
Original:          Reconstructed:
. . . . . . . .    . . . . . . . .
. p . r . k p .    . [31m.[0m . [31m.[0m . [31m.[0m [31m.[0m .
p . p . . p . .    [31m.[0m . [31m.[0m . . [31m.[0m . .
P . . . . P . r    [31m.[0m . . . . [31m.[0m . [31m.[0m
. B . . B . . .    . [31m.[0m . . [31m.[0m . . .
. . . P . . K p    . . . [31m.[0m . . [31m.[0m [31m.[0m
. . . . . . . R    . . . . [31mK[0m . . [31m.[0m
k . . . . . . .    [31mK[0m . . . . . . .

0.19724373519420624
Original:          Reconstructed:
r n . q k . r .    r [31m.[0m . [31m.[0m [31m.[0m . [31m.[0m [31mr[0m
p p . . . . . p    [31m.[0m p . . . [31mp[0m [31mp[0m p
. . p p . n . b    . . [31m.[0m [31m.[0m . [31m.[0m . [31m.[0m
. . . . p . . b    . . . . [31m.[0m . . [31m.[0m
N . P . . . p .    [31m.[0m . [31m.[0m . . . [31m.[0m .
. . . B . N . P    . . . [31m.[0m . [31m.[0m . [31m.[0m
P P . P . P P .    P P . [31m.[0m . P P [31mP[0m
k . B . Q R K .    [31mr[0m . [31m.[0m . [31m.[0m [31m.[0m K .

0.1968006044626236
Original:          Reconstructed:
. r b q . b . r    [31mr[0m [31m.[0m b q [31mk[0m b . r
p p N k p p p p    p p [31m.[0m [31m.[0m [31m.[0m p p p
. . n . . . . .    . . [31m.[0m . . . . .
. . . p . . . .    . . . [31m.[0m . . . .
. . . P n B . .    . . . [31m.[0m [31m.[0m [31m.[0m . .
. . . . . . P .    . . . . . . [31m.[0m .
P P P . P P . P    P P [31m.[0m . [31m.[0m P [31mP[0m P
k . . Q K B N R    k . [31mB[0m [31m.[0m K [31m.[0m [31m.[0m R

0.196371391415596
Original:          Reconstructed:
r n b . k b n r    r [31m.[0m b [31mq[0m k b [31m.[0m r
p p p . . . p p    p p [31m.[0m . . [31mp[0m p p
. . . . p . . .    . . . . [31m.[0m . . .
. N . p . p . .    . [31m.[0m . [31m.[0m . [31m.[0m . .
. . . N . P . q    . . . [31m.[0m . [31m.[0m . [31m.[0m
. . . . . . P .    . . . . . . [31m.[0m .
P P P P P . . P    P P P [31m.[0m [31m.[0m [31mP[0m [31mP[0m P
k . B Q K B . R    k . B [31m.[0m K [31m.[0m . R

0.19411058723926544
Original:          Reconstructed:
. . . . r n k .    . . . . [31m.[0m [31m.[0m k .
p . . . . r p .    [31m.[0m . . . . [31m.[0m [31m.[0m .
. p . p . p N p    . [31m.[0m . [31m.[0m . [31m.[0m [31m.[0m [31m.[0m
. . p P p P . q    . . [31m.[0m [31m.[0m [31m.[0m [31m.[0m . [31m.[0m
. . P . Q . . .    . . [31m.[0m . [31m.[0m . . .
P . P . . . . R    [31m.[0m . [31m.[0m . . . . [31m.[0m
. . . . . . P P    . . . . . . [31m.[0m [31m.[0m
k . . . . . K .    k . . . . . K .

